app/build/outputs/logs/manifest-merger-debug-report.txt
-- Merging decision tree log ---
manifest
ADDED from src\main\AndroidManifest.xml:2:1-40:12
	package
		ADDED from src\main\AndroidManifest.xml:3:5-29
		INJECTED from src\main\AndroidManifest.xml
		INJECTED from src\main\AndroidManifest.xml
	android:versionName
		ADDED from src\main\AndroidManifest.xml:5:5-30
	android:versionCode
		ADDED from src\main\AndroidManifest.xml:4:5-28
		INJECTED from src\main\AndroidManifest.xml
		INJECTED from src\main\AndroidManifest.xml
	xmlns:android
		ADDED from src\main\AndroidManifest.xml:2:11-69
uses-permission#android.permission.WAKE_LOCK
ADDED from src\main\AndroidManifest.xml:7:5-68
	android:name
		ADDED from src\main\AndroidManifest.xml:7:22-65
uses-sdk
ADDED from src\main\AndroidManifest.xml:9:5-11:41
	android:targetSdkVersion
		ADDED from src\main\AndroidManifest.xml:11:9-38
		INJECTED from src\main\AndroidManifest.xml
		INJECTED from src\main\AndroidManifest.xml
	android:minSdkVersion
		ADDED from src\main\AndroidManifest.xml:10:9-34
		INJECTED from src\main\AndroidManifest.xml
		INJECTED from src\main\AndroidManifest.xml
application
ADDED from src\main\AndroidManifest.xml:13:5-38:19
	android:label
		ADDED from src\main\AndroidManifest.xml:16:9-41
	android:allowBackup
		ADDED from src\main\AndroidManifest.xml:14:9-35
	android:icon
		ADDED from src\main\AndroidManifest.xml:15:9-45
	android:theme
		ADDED from src\main\AndroidManifest.xml:17:9-40
activity#com.wujay.fund.MainActivity
ADDED from src\main\AndroidManifest.xml:18:9-26:20
	android:label
		ADDED from src\main\AndroidManifest.xml:21:13-45
	android:theme
		ADDED from src\main\AndroidManifest.xml:20:13-60
	android:name
		ADDED from src\main\AndroidManifest.xml:19:13-55
intent-filter#android.intent.action.MAIN+android.intent.category.LAUNCHER
ADDED from src\main\AndroidManifest.xml:22:13-25:29
action#android.intent.action.MAIN
ADDED from src\main\AndroidManifest.xml:23:17-69
	android:name
		ADDED from src\main\AndroidManifest.xml:23:25-66
category#android.intent.category.LAUNCHER
ADDED from src\main\AndroidManifest.xml:24:17-77
	android:name
		ADDED from src\main\AndroidManifest.xml:24:27-74
activity#com.wujay.fund.activity.GestureEditActivity
ADDED from src\main\AndroidManifest.xml:27:9-29:63
	android:theme
		ADDED from src\main\AndroidManifest.xml:29:13-60
	android:name
		ADDED from src\main\AndroidManifest.xml:28:13-71
activity#com.wujay.fund.activity.GestureVerifyActivity
ADDED from src\main\AndroidManifest.xml:30:9-33:63
	android:launchMode
		ADDED from src\main\AndroidManifest.xml:32:14-45
	android:theme
		ADDED from src\main\AndroidManifest.xml:33:13-60
	android:name
		ADDED from src\main\AndroidManifest.xml:31:13-73
activity#com.wujay.fund.activity.LoginActivity
ADDED from src\main\AndroidManifest.xml:35:9-37:25
	android:theme
		ADDED from src\main\AndroidManifest.xml:36:13-60
	android:name
		ADDED from src\main\AndroidManifest.xml:35:20-72